<?xml version="1.0" encoding="UTF-8"?>
<testsuite name="Formulario Popup Validation" tests="1" skipped="0" failures="0" errors="0" timestamp="2022-11-08T20:11:37" hostname="CHMEPFJ4NFL3" time="36.325">
  <properties/>
  <testcase name="Digiligenciamiento exitoso del formulario Popup Validation" classname="Formulario Popup Validation" time="36.325"/>
  <system-out><![CDATA[Inicio Test
Fin Test
]]></system-out>
  <system-err><![CDATA[[Test worker] INFO io.github.bonigarcia.wdm.WebDriverManager - Using chromedriver 107.0.5304.62 (resolved driver for Chrome 107)
[Test worker] INFO io.github.bonigarcia.wdm.WebDriverManager - Exporting webdriver.chrome.driver as C:\Users\mrubidem\.cache\selenium\chromedriver\win32\107.0.5304.62\chromedriver.exe
nov 08, 2022 3:11:37 PM org.openqa.selenium.remote.DesiredCapabilities chrome
INFORMACIÓN: Using `new ChromeOptions()` is preferred to `DesiredCapabilities.chrome()`
Starting ChromeDriver 107.0.5304.62 (1eec40d3a5764881c92085aaee66d25075c159aa-refs/branch-heads/5304@{#942}) on port 14273
Only local connections are allowed.
Please see https://chromedriver.chromium.org/security-considerations for suggestions on keeping ChromeDriver safe.
ChromeDriver was started successfully.
nov 08, 2022 3:11:39 PM org.openqa.selenium.remote.ProtocolHandshake createSession
INFORMACIÓN: Detected dialect: W3C
[Test worker] INFO net.serenitybdd.core.Serenity - 
        __    _____ _____ ____ _____   ____   _    ____  ____  _____ ____  
  _     \ \  |_   _| ____/ ___|_   _| |  _ \ / \  / ___|/ ___|| ____|  _ \ 
 (_)_____| |   | | |  _| \___ \ | |   | |_) / _ \ \___ \\___ \|  _| | | | |
  _|_____| |   | | | |___ ___) || |   |  __/ ___ \ ___) |___) | |___| |_| |
 (_)     | |   |_| |_____|____/ |_|   |_| /_/   \_\____/|____/|_____|____/ 
        /_/                                                                

TEST PASSED: Digiligenciamiento exitoso del formulario Popup Validation
----------------------------------------------------------------------------
]]></system-err>
</testsuite>
